<?xml version="1.0" encoding="UTF-8"?>
<testsuite xmlns:xsi="http://www.w3.org/2001/XMLSchema-instance" xsi:noNamespaceSchemaLocation="https://maven.apache.org/surefire/maven-surefire-plugin/xsd/surefire-test-report.xsd" name="TestSuite" time="6.261" tests="3" errors="0" skipped="0" failures="0">
  <properties>
[...]
</properties>
  <testcase name="validateSubmitToll" classname="com.izaan.apitest.SubmitTollRequestTest" time="3.683"/>
  <testcase name="validateUserList" classname="com.izaan.apitest.UserListTest" time="0.985"/>
  <testcase name="validateUserCreation" classname="com.izaan.apitest.CreateUserRequestTest" time="0.948"/>
</testsuite>