<?xml version="1.0" encoding="UTF-8"?>
<testng-results ignored="0" total="12" passed="12" failed="0" skipped="0">
  <reporter-output>
  </reporter-output>
  <suite started-at="2023-12-05T22:21:11 EST" name="Automation Test" finished-at="2023-12-05T22:21:23 EST" duration-ms="12506">
    <groups>
      <group name="acceptenceTests">
        <method signature="CreateUserRequestTest.validateUserCreation()[pri:1, instance:com.izaan.apitest.CreateUserRequestTest@fe18270]" name="validateUserCreation" class="com.izaan.apitest.CreateUserRequestTest"/>
        <method signature="SubmitTollRequestTest.validateSubmitToll()[pri:1, instance:com.izaan.apitest.SubmitTollRequestTest@5fdba6f9]" name="validateSubmitToll" class="com.izaan.apitest.SubmitTollRequestTest"/>
        <method signature="UserListTest.validateUserList()[pri:1, instance:com.izaan.apitest.UserListTest@10d59286]" name="validateUserList" class="com.izaan.apitest.UserListTest"/>
        <method signature="UserListTest.validateUserListWithInvalidResponseMethod()[pri:3, instance:com.izaan.apitest.UserListTest@10d59286]" name="validateUserListWithInvalidResponseMethod" class="com.izaan.apitest.UserListTest"/>
        <method signature="UserListTest.validateUserListWithInvalidURL()[pri:2, instance:com.izaan.apitest.UserListTest@10d59286]" name="validateUserListWithInvalidURL" class="com.izaan.apitest.UserListTest"/>
      </group> <!-- acceptenceTests -->
    </groups>
    <test started-at="2023-12-05T22:21:11 EST" name="Ecommerce Home" finished-at="2023-12-05T22:21:23 EST" duration-ms="12506">
      <class name="com.izaan.apitest.CreateUserRequestTest">
        <test-method signature="validateUserCreation()[pri:1, instance:com.izaan.apitest.CreateUserRequestTest@fe18270]" started-at="2023-12-05T22:21:16 EST" name="validateUserCreation" finished-at="2023-12-05T22:21:18 EST" duration-ms="2188" status="PASS">
          <reporter-output>
          </reporter-output>
        </test-method> <!-- validateUserCreation -->
        <test-method is-config="true" signature="beforeTests()[pri:0, instance:com.izaan.apitest.CreateUserRequestTest@fe18270]" started-at="2023-12-05T22:21:16 EST" name="beforeTests" finished-at="2023-12-05T22:21:16 EST" duration-ms="0" status="PASS">
          <reporter-output>
          </reporter-output>
        </test-method> <!-- beforeTests -->
        <test-method is-config="true" signature="afterTests()[pri:0, instance:com.izaan.apitest.CreateUserRequestTest@fe18270]" started-at="2023-12-05T22:21:18 EST" name="afterTests" finished-at="2023-12-05T22:21:18 EST" duration-ms="9" status="PASS">
          <reporter-output>
          </reporter-output>
        </test-method> <!-- afterTests -->
        <test-method is-config="true" signature="beforeTests()[pri:0, instance:com.izaan.apitest.CreateUserRequestTest@fe18270]" started-at="2023-12-05T22:21:19 EST" name="beforeTests" finished-at="2023-12-05T22:21:19 EST" duration-ms="0" status="PASS">
          <reporter-output>
          </reporter-output>
        </test-method> <!-- beforeTests -->
        <test-method signature="validateUserCreationWithExistingUsername()[pri:2, instance:com.izaan.apitest.CreateUserRequestTest@fe18270]" started-at="2023-12-05T22:21:19 EST" name="validateUserCreationWithExistingUsername" finished-at="2023-12-05T22:21:20 EST" duration-ms="755" status="PASS">
          <reporter-output>
          </reporter-output>
        </test-method> <!-- validateUserCreationWithExistingUsername -->
        <test-method is-config="true" signature="afterTests()[pri:0, instance:com.izaan.apitest.CreateUserRequestTest@fe18270]" started-at="2023-12-05T22:21:20 EST" name="afterTests" finished-at="2023-12-05T22:21:20 EST" duration-ms="12" status="PASS">
          <reporter-output>
          </reporter-output>
        </test-method> <!-- afterTests -->
        <test-method is-config="true" signature="beforeTests()[pri:0, instance:com.izaan.apitest.CreateUserRequestTest@fe18270]" started-at="2023-12-05T22:21:21 EST" name="beforeTests" finished-at="2023-12-05T22:21:21 EST" duration-ms="0" status="PASS">
          <reporter-output>
          </reporter-output>
        </test-method> <!-- beforeTests -->
        <test-method signature="validateUserCreationWithInvalidURL()[pri:3, instance:com.izaan.apitest.CreateUserRequestTest@fe18270]" started-at="2023-12-05T22:21:21 EST" name="validateUserCreationWithInvalidURL" finished-at="2023-12-05T22:21:22 EST" duration-ms="477" status="PASS">
          <reporter-output>
          </reporter-output>
        </test-method> <!-- validateUserCreationWithInvalidURL -->
        <test-method is-config="true" signature="afterTests()[pri:0, instance:com.izaan.apitest.CreateUserRequestTest@fe18270]" started-at="2023-12-05T22:21:22 EST" name="afterTests" finished-at="2023-12-05T22:21:22 EST" duration-ms="8" status="PASS">
          <reporter-output>
          </reporter-output>
        </test-method> <!-- afterTests -->
        <test-method is-config="true" signature="beforeTests()[pri:0, instance:com.izaan.apitest.CreateUserRequestTest@fe18270]" started-at="2023-12-05T22:21:22 EST" name="beforeTests" finished-at="2023-12-05T22:21:22 EST" duration-ms="0" status="PASS">
          <reporter-output>
          </reporter-output>
        </test-method> <!-- beforeTests -->
        <test-method signature="validateUserCreationWithInvalidToken()[pri:4, instance:com.izaan.apitest.CreateUserRequestTest@fe18270]" started-at="2023-12-05T22:21:22 EST" name="validateUserCreationWithInvalidToken" finished-at="2023-12-05T22:21:22 EST" duration-ms="500" status="PASS">
          <reporter-output>
          </reporter-output>
        </test-method> <!-- validateUserCreationWithInvalidToken -->
        <test-method is-config="true" signature="afterTests()[pri:0, instance:com.izaan.apitest.CreateUserRequestTest@fe18270]" started-at="2023-12-05T22:21:22 EST" name="afterTests" finished-at="2023-12-05T22:21:22 EST" duration-ms="10" status="PASS">
          <reporter-output>
          </reporter-output>
        </test-method> <!-- afterTests -->
        <test-method is-config="true" signature="beforeTests()[pri:0, instance:com.izaan.apitest.CreateUserRequestTest@fe18270]" started-at="2023-12-05T22:21:22 EST" name="beforeTests" finished-at="2023-12-05T22:21:22 EST" duration-ms="4" status="PASS">
          <reporter-output>
          </reporter-output>
        </test-method> <!-- beforeTests -->
        <test-method signature="validateUserCreationWithInvalidEmailID()[pri:5, instance:com.izaan.apitest.CreateUserRequestTest@fe18270]" started-at="2023-12-05T22:21:22 EST" name="validateUserCreationWithInvalidEmailID" finished-at="2023-12-05T22:21:23 EST" duration-ms="597" status="PASS">
          <reporter-output>
          </reporter-output>
        </test-method> <!-- validateUserCreationWithInvalidEmailID -->
        <test-method is-config="true" signature="afterTests()[pri:0, instance:com.izaan.apitest.CreateUserRequestTest@fe18270]" started-at="2023-12-05T22:21:23 EST" name="afterTests" finished-at="2023-12-05T22:21:23 EST" duration-ms="7" status="PASS">
          <reporter-output>
          </reporter-output>
        </test-method> <!-- afterTests -->
        <test-method is-config="true" signature="beforeTests()[pri:0, instance:com.izaan.apitest.CreateUserRequestTest@fe18270]" started-at="2023-12-05T22:21:23 EST" name="beforeTests" finished-at="2023-12-05T22:21:23 EST" duration-ms="0" status="PASS">
          <reporter-output>
          </reporter-output>
        </test-method> <!-- beforeTests -->
        <test-method signature="validateUserCreationWithInvalidPasswordFormat()[pri:6, instance:com.izaan.apitest.CreateUserRequestTest@fe18270]" started-at="2023-12-05T22:21:23 EST" name="validateUserCreationWithInvalidPasswordFormat" finished-at="2023-12-05T22:21:23 EST" duration-ms="675" status="PASS">
          <reporter-output>
          </reporter-output>
        </test-method> <!-- validateUserCreationWithInvalidPasswordFormat -->
        <test-method is-config="true" signature="afterTests()[pri:0, instance:com.izaan.apitest.CreateUserRequestTest@fe18270]" started-at="2023-12-05T22:21:23 EST" name="afterTests" finished-at="2023-12-05T22:21:23 EST" duration-ms="5" status="PASS">
          <reporter-output>
          </reporter-output>
        </test-method> <!-- afterTests -->
      </class> <!-- com.izaan.apitest.CreateUserRequestTest -->
      <class name="com.izaan.apitest.SubmitTollRequestTest">
        <test-method is-config="true" signature="beforeTests()[pri:0, instance:com.izaan.apitest.SubmitTollRequestTest@5fdba6f9]" started-at="2023-12-05T22:21:11 EST" name="beforeTests" finished-at="2023-12-05T22:21:11 EST" duration-ms="125" status="PASS">
          <reporter-output>
          </reporter-output>
        </test-method> <!-- beforeTests -->
        <test-method signature="validateSubmitToll()[pri:1, instance:com.izaan.apitest.SubmitTollRequestTest@5fdba6f9]" started-at="2023-12-05T22:21:11 EST" name="validateSubmitToll" finished-at="2023-12-05T22:21:14 EST" duration-ms="3331" status="PASS">
          <reporter-output>
          </reporter-output>
        </test-method> <!-- validateSubmitToll -->
        <test-method is-config="true" signature="afterTests()[pri:0, instance:com.izaan.apitest.SubmitTollRequestTest@5fdba6f9]" started-at="2023-12-05T22:21:14 EST" name="afterTests" finished-at="2023-12-05T22:21:14 EST" duration-ms="156" status="PASS">
          <reporter-output>
          </reporter-output>
        </test-method> <!-- afterTests -->
        <test-method signature="submitTollWithWrongURL()[pri:2, instance:com.izaan.apitest.SubmitTollRequestTest@5fdba6f9]" started-at="2023-12-05T22:21:18 EST" name="submitTollWithWrongURL" finished-at="2023-12-05T22:21:19 EST" duration-ms="496" status="PASS">
          <reporter-output>
          </reporter-output>
        </test-method> <!-- submitTollWithWrongURL -->
        <test-method is-config="true" signature="beforeTests()[pri:0, instance:com.izaan.apitest.SubmitTollRequestTest@5fdba6f9]" started-at="2023-12-05T22:21:18 EST" name="beforeTests" finished-at="2023-12-05T22:21:18 EST" duration-ms="0" status="PASS">
          <reporter-output>
          </reporter-output>
        </test-method> <!-- beforeTests -->
        <test-method is-config="true" signature="afterTests()[pri:0, instance:com.izaan.apitest.SubmitTollRequestTest@5fdba6f9]" started-at="2023-12-05T22:21:19 EST" name="afterTests" finished-at="2023-12-05T22:21:19 EST" duration-ms="10" status="PASS">
          <reporter-output>
          </reporter-output>
        </test-method> <!-- afterTests -->
        <test-method is-config="true" signature="beforeTests()[pri:0, instance:com.izaan.apitest.SubmitTollRequestTest@5fdba6f9]" started-at="2023-12-05T22:21:20 EST" name="beforeTests" finished-at="2023-12-05T22:21:20 EST" duration-ms="0" status="PASS">
          <reporter-output>
          </reporter-output>
        </test-method> <!-- beforeTests -->
        <test-method signature="submitTollWithWrongResponseMethod()[pri:3, instance:com.izaan.apitest.SubmitTollRequestTest@5fdba6f9]" started-at="2023-12-05T22:21:20 EST" name="submitTollWithWrongResponseMethod" finished-at="2023-12-05T22:21:21 EST" duration-ms="512" status="PASS">
          <reporter-output>
          </reporter-output>
        </test-method> <!-- submitTollWithWrongResponseMethod -->
        <test-method is-config="true" signature="afterTests()[pri:0, instance:com.izaan.apitest.SubmitTollRequestTest@5fdba6f9]" started-at="2023-12-05T22:21:21 EST" name="afterTests" finished-at="2023-12-05T22:21:21 EST" duration-ms="14" status="PASS">
          <reporter-output>
          </reporter-output>
        </test-method> <!-- afterTests -->
      </class> <!-- com.izaan.apitest.SubmitTollRequestTest -->
      <class name="com.izaan.apitest.UserListTest">
        <test-method signature="validateUserList()[pri:1, instance:com.izaan.apitest.UserListTest@10d59286]" started-at="2023-12-05T22:21:14 EST" name="validateUserList" finished-at="2023-12-05T22:21:16 EST" duration-ms="1609" status="PASS">
          <reporter-output>
          </reporter-output>
        </test-method> <!-- validateUserList -->
        <test-method is-config="true" signature="beforeTests()[pri:0, instance:com.izaan.apitest.UserListTest@10d59286]" started-at="2023-12-05T22:21:14 EST" name="beforeTests" finished-at="2023-12-05T22:21:14 EST" duration-ms="0" status="PASS">
          <reporter-output>
          </reporter-output>
        </test-method> <!-- beforeTests -->
        <test-method is-config="true" signature="beforeTests()[pri:0, instance:com.izaan.apitest.UserListTest@10d59286]" started-at="2023-12-05T22:21:19 EST" name="beforeTests" finished-at="2023-12-05T22:21:19 EST" duration-ms="1" status="PASS">
          <reporter-output>
          </reporter-output>
        </test-method> <!-- beforeTests -->
        <test-method signature="validateUserListWithInvalidURL()[pri:2, instance:com.izaan.apitest.UserListTest@10d59286]" started-at="2023-12-05T22:21:19 EST" name="validateUserListWithInvalidURL" finished-at="2023-12-05T22:21:19 EST" duration-ms="497" status="PASS">
          <reporter-output>
          </reporter-output>
        </test-method> <!-- validateUserListWithInvalidURL -->
        <test-method is-config="true" signature="beforeTests()[pri:0, instance:com.izaan.apitest.UserListTest@10d59286]" started-at="2023-12-05T22:21:21 EST" name="beforeTests" finished-at="2023-12-05T22:21:21 EST" duration-ms="0" status="PASS">
          <reporter-output>
          </reporter-output>
        </test-method> <!-- beforeTests -->
        <test-method signature="validateUserListWithInvalidResponseMethod()[pri:3, instance:com.izaan.apitest.UserListTest@10d59286]" started-at="2023-12-05T22:21:21 EST" name="validateUserListWithInvalidResponseMethod" finished-at="2023-12-05T22:21:21 EST" duration-ms="486" status="PASS">
          <reporter-output>
          </reporter-output>
        </test-method> <!-- validateUserListWithInvalidResponseMethod -->
        <test-method is-config="true" signature="aftertests()[pri:0, instance:com.izaan.apitest.UserListTest@10d59286]" started-at="2023-12-05T22:21:21 EST" name="aftertests" finished-at="2023-12-05T22:21:21 EST" duration-ms="5" status="PASS">
          <reporter-output>
          </reporter-output>
        </test-method> <!-- aftertests -->
      </class> <!-- com.izaan.apitest.UserListTest -->
    </test> <!-- Ecommerce Home -->
  </suite> <!-- Automation Test -->
</testng-results>
