<?xml version="1.0" encoding="UTF-8"?>
<testng-results skipped="0" failed="0" ignored="9" total="12" passed="3">
  <reporter-output>
  </reporter-output>
  <suite name="Automation Test" duration-ms="5658" started-at="2023-12-04T20:13:10 EST" finished-at="2023-12-04T20:13:16 EST">
    <groups>
      <group name="acceptenceTests">
        <method signature="CreateUserRequestTest.validateUserCreation()[pri:1, instance:com.izaan.apitest.CreateUserRequestTest@523884b2]" name="validateUserCreation" class="com.izaan.apitest.CreateUserRequestTest"/>
        <method signature="SubmitTollRequestTest.validateSubmitToll()[pri:1, instance:com.izaan.apitest.SubmitTollRequestTest@28d25987]" name="validateSubmitToll" class="com.izaan.apitest.SubmitTollRequestTest"/>
        <method signature="UserListTest.validateUserList()[pri:1, instance:com.izaan.apitest.UserListTest@4501b7af]" name="validateUserList" class="com.izaan.apitest.UserListTest"/>
      </group> <!-- acceptenceTests -->
    </groups>
    <test name="Ecommerce Home" duration-ms="5658" started-at="2023-12-04T20:13:10 EST" finished-at="2023-12-04T20:13:16 EST">
      <class name="com.izaan.apitest.CreateUserRequestTest">
        <test-method status="PASS" signature="validateUserCreation()[pri:1, instance:com.izaan.apitest.CreateUserRequestTest@523884b2]" name="validateUserCreation" duration-ms="945" started-at="2023-12-04T20:13:15 EST" finished-at="2023-12-04T20:13:16 EST">
          <reporter-output>
          </reporter-output>
        </test-method> <!-- validateUserCreation -->
      </class> <!-- com.izaan.apitest.CreateUserRequestTest -->
      <class name="com.izaan.apitest.SubmitTollRequestTest">
        <test-method status="PASS" signature="validateSubmitToll()[pri:1, instance:com.izaan.apitest.SubmitTollRequestTest@28d25987]" name="validateSubmitToll" duration-ms="3681" started-at="2023-12-04T20:13:10 EST" finished-at="2023-12-04T20:13:14 EST">
          <reporter-output>
          </reporter-output>
        </test-method> <!-- validateSubmitToll -->
      </class> <!-- com.izaan.apitest.SubmitTollRequestTest -->
      <class name="com.izaan.apitest.UserListTest">
        <test-method status="PASS" signature="validateUserList()[pri:1, instance:com.izaan.apitest.UserListTest@4501b7af]" name="validateUserList" duration-ms="986" started-at="2023-12-04T20:13:14 EST" finished-at="2023-12-04T20:13:15 EST">
          <reporter-output>
          </reporter-output>
        </test-method> <!-- validateUserList -->
      </class> <!-- com.izaan.apitest.UserListTest -->
    </test> <!-- Ecommerce Home -->
  </suite> <!-- Automation Test -->
</testng-results>
