<?xml version="1.0" encoding="UTF-8"?>
<testsuite xmlns:xsi="http://www.w3.org/2001/XMLSchema-instance" xsi:noNamespaceSchemaLocation="https://maven.apache.org/surefire/maven-surefire-plugin/xsd/surefire-test-report.xsd" name="TestSuite" time="20.025" tests="21" errors="0" skipped="0" failures="0">
  <properties>
[...]
</properties>
  <testcase name="validateSubmitToll" classname="com.izaan.apitest.SubmitTollRequestTest" time="3.439"/>
  <testcase name="validateUserList" classname="com.izaan.apitest.UserListTest" time="1.553"/>
  <testcase name="validateUserCreation" classname="com.izaan.apitest.CreateUserRequestTest" time="1.369"/>
  <testcase name="loginTest" classname="com.izaan.apitest.LoginTest" time="1.08"/>
  <testcase name="getTollListBYCollectionTestSuccess" classname="com.izaan.apitest.GetTollListByCollectionPointTest" time="2.721"/>
  <testcase name="getTollCollectionListTest" classname="com.izaan.apitest.GetTollCollectionListTest" time="0.907"/>
  <testcase name="resetTestSuccess" classname="com.izaan.apitest.ResetPasswordTest" time="1.029"/>
  <testcase name="submitTollWithWrongURL" classname="com.izaan.apitest.SubmitTollRequestTest" time="0.529"/>
  <testcase name="validateUserListWithInvalidURL" classname="com.izaan.apitest.UserListTest" time="0.391"/>
  <testcase name="validateUserCreationWithExistingUsername" classname="com.izaan.apitest.CreateUserRequestTest" time="0.606"/>
  <testcase name="loginTestWithInvalidUser" classname="com.izaan.apitest.LoginTest" time="0.704"/>
  <testcase name="getTollListBYCollectionTestFail" classname="com.izaan.apitest.GetTollListByCollectionPointTest" time="0.54"/>
  <testcase name="getTollCollectionListTestWithInvalidUrl" classname="com.izaan.apitest.GetTollCollectionListTest" time="0.492"/>
  <testcase name="resetTestFail" classname="com.izaan.apitest.ResetPasswordTest" time="0.557"/>
  <testcase name="submitTollWithWrongResponseMethod" classname="com.izaan.apitest.SubmitTollRequestTest" time="0.467"/>
  <testcase name="validateUserListWithInvalidResponseMethod" classname="com.izaan.apitest.UserListTest" time="0.388"/>
  <testcase name="validateUserCreationWithInvalidURL" classname="com.izaan.apitest.CreateUserRequestTest" time="0.487"/>
  <testcase name="getTollCollectionListTestWithInvalidToken" classname="com.izaan.apitest.GetTollCollectionListTest" time="0.479"/>
  <testcase name="validateUserCreationWithInvalidToken" classname="com.izaan.apitest.CreateUserRequestTest" time="0.506"/>
  <testcase name="validateUserCreationWithInvalidEmailID" classname="com.izaan.apitest.CreateUserRequestTest" time="0.613"/>
  <testcase name="validateUserCreationWithInvalidPasswordFormat" classname="com.izaan.apitest.CreateUserRequestTest" time="0.549"/>
</testsuite>