<?xml version="1.0" encoding="UTF-8"?>
<!-- Generated by org.testng.reporters.JUnitXMLReporter -->
<testsuite ignored="0" hostname="Rahats-MacBook-Pro.local" failures="0" tests="21" name="Ecommerce Home" time="19.864" errors="0" timestamp="2023-12-05T22:45:55 EST">
  <testcase classname="com.izaan.apitest.SubmitTollRequestTest" name="validateSubmitToll" time="3.439"/>
  <testcase classname="com.izaan.apitest.UserListTest" name="validateUserList" time="1.553"/>
  <testcase classname="com.izaan.apitest.CreateUserRequestTest" name="validateUserCreation" time="1.369"/>
  <testcase classname="com.izaan.apitest.LoginTest" name="loginTest" time="1.079"/>
  <testcase classname="com.izaan.apitest.GetTollListByCollectionPointTest" name="getTollListBYCollectionTestSuccess" time="2.72"/>
  <testcase classname="com.izaan.apitest.GetTollCollectionListTest" name="getTollCollectionListTest" time="0.907"/>
  <testcase classname="com.izaan.apitest.ResetPasswordTest" name="resetTestSuccess" time="1.03"/>
  <testcase classname="com.izaan.apitest.SubmitTollRequestTest" name="submitTollWithWrongURL" time="0.529"/>
  <testcase classname="com.izaan.apitest.UserListTest" name="validateUserListWithInvalidURL" time="0.391"/>
  <testcase classname="com.izaan.apitest.CreateUserRequestTest" name="validateUserCreationWithExistingUsername" time="0.605"/>
  <testcase classname="com.izaan.apitest.LoginTest" name="loginTestWithInvalidUser" time="0.704"/>
  <testcase classname="com.izaan.apitest.GetTollListByCollectionPointTest" name="getTollListBYCollectionTestFail" time="0.54"/>
  <testcase classname="com.izaan.apitest.GetTollCollectionListTest" name="getTollCollectionListTestWithInvalidUrl" time="0.492"/>
  <testcase classname="com.izaan.apitest.ResetPasswordTest" name="resetTestFail" time="0.557"/>
  <testcase classname="com.izaan.apitest.SubmitTollRequestTest" name="submitTollWithWrongResponseMethod" time="0.466"/>
  <testcase classname="com.izaan.apitest.UserListTest" name="validateUserListWithInvalidResponseMethod" time="0.388"/>
  <testcase classname="com.izaan.apitest.CreateUserRequestTest" name="validateUserCreationWithInvalidURL" time="0.486"/>
  <testcase classname="com.izaan.apitest.GetTollCollectionListTest" name="getTollCollectionListTestWithInvalidToken" time="0.479"/>
  <testcase classname="com.izaan.apitest.CreateUserRequestTest" name="validateUserCreationWithInvalidToken" time="0.506"/>
  <testcase classname="com.izaan.apitest.CreateUserRequestTest" name="validateUserCreationWithInvalidEmailID" time="0.613"/>
  <testcase classname="com.izaan.apitest.CreateUserRequestTest" name="validateUserCreationWithInvalidPasswordFormat" time="0.548"/>
</testsuite> <!-- Ecommerce Home -->
