<?xml version="1.0" encoding="UTF-8"?>
<!-- Generated by org.testng.reporters.JUnitXMLReporter -->
<testsuite ignored="0" hostname="Rahats-MacBook-Pro.local" failures="0" tests="12" name="Ecommerce Home" time="12.506" errors="0" timestamp="2023-12-05T22:21:23 EST">
  <testcase classname="com.izaan.apitest.SubmitTollRequestTest" name="validateSubmitToll" time="3.331"/>
  <testcase classname="com.izaan.apitest.UserListTest" name="validateUserList" time="1.609"/>
  <testcase classname="com.izaan.apitest.CreateUserRequestTest" name="validateUserCreation" time="2.188"/>
  <testcase classname="com.izaan.apitest.SubmitTollRequestTest" name="submitTollWithWrongURL" time="0.496"/>
  <testcase classname="com.izaan.apitest.UserListTest" name="validateUserListWithInvalidURL" time="0.497"/>
  <testcase classname="com.izaan.apitest.CreateUserRequestTest" name="validateUserCreationWithExistingUsername" time="0.755"/>
  <testcase classname="com.izaan.apitest.SubmitTollRequestTest" name="submitTollWithWrongResponseMethod" time="0.512"/>
  <testcase classname="com.izaan.apitest.UserListTest" name="validateUserListWithInvalidResponseMethod" time="0.486"/>
  <testcase classname="com.izaan.apitest.CreateUserRequestTest" name="validateUserCreationWithInvalidURL" time="0.477"/>
  <testcase classname="com.izaan.apitest.CreateUserRequestTest" name="validateUserCreationWithInvalidToken" time="0.5"/>
  <testcase classname="com.izaan.apitest.CreateUserRequestTest" name="validateUserCreationWithInvalidEmailID" time="0.597"/>
  <testcase classname="com.izaan.apitest.CreateUserRequestTest" name="validateUserCreationWithInvalidPasswordFormat" time="0.675"/>
</testsuite> <!-- Ecommerce Home -->
